15:45:44.351 [main] INFO  com.practice.aop.aop.AopApplication - Starting AopApplication using Java 21.0.2 with PID 23924 (E:\documents\Proyectos\aop\aop\build\classes\java\main started by jhons in E:\documents\Proyectos\aop\aop)
15:45:44.353 [main] INFO  com.practice.aop.aop.AopApplication - The following 1 profile is active: "dev"
15:45:45.153 [main] INFO  o.s.d.r.c.RepositoryConfigurationDelegate - Bootstrapping Spring Data JPA repositories in DEFAULT mode.
15:45:45.218 [main] INFO  o.s.d.r.c.RepositoryConfigurationDelegate - Finished Spring Data repository scanning in 54 ms. Found 1 JPA repository interface.
15:45:46.102 [main] INFO  o.s.b.w.e.tomcat.TomcatWebServer - Tomcat initialized with port 8080 (http)
15:45:46.126 [main] INFO  o.a.coyote.http11.Http11NioProtocol - Initializing ProtocolHandler ["http-nio-8080"]
15:45:46.129 [main] INFO  o.a.catalina.core.StandardService - Starting service [Tomcat]
15:45:46.130 [main] INFO  o.a.catalina.core.StandardEngine - Starting Servlet engine: [Apache Tomcat/10.1.18]
15:45:46.207 [main] INFO  o.a.c.c.C.[Tomcat].[localhost].[/] - Initializing Spring embedded WebApplicationContext
15:45:46.207 [main] INFO  o.s.b.w.s.c.ServletWebServerApplicationContext - Root WebApplicationContext: initialization completed in 1793 ms
15:45:46.265 [main] INFO  com.zaxxer.hikari.HikariDataSource - HikariPool-1 - Starting...
15:45:46.488 [main] INFO  com.zaxxer.hikari.pool.HikariPool - HikariPool-1 - Added connection conn0: url=jdbc:h2:mem:testdb user=SA
15:45:46.492 [main] INFO  com.zaxxer.hikari.HikariDataSource - HikariPool-1 - Start completed.
15:45:46.505 [main] INFO  o.s.b.a.h.H2ConsoleAutoConfiguration - H2 console available at '/h2-console'. Database available at 'jdbc:h2:mem:testdb'
15:45:46.693 [main] INFO  o.h.jpa.internal.util.LogHelper - HHH000204: Processing PersistenceUnitInfo [name: default]
15:45:46.766 [main] INFO  org.hibernate.Version - HHH000412: Hibernate ORM core version 6.4.1.Final
15:45:46.806 [main] INFO  o.h.c.i.RegionFactoryInitiator - HHH000026: Second-level cache disabled
15:45:47.080 [main] INFO  o.s.o.j.p.SpringPersistenceUnitInfo - No LoadTimeWeaver setup: ignoring JPA class transformer
15:45:47.128 [main] WARN  org.hibernate.orm.deprecation - HHH90000025: H2Dialect does not need to be specified explicitly using 'hibernate.dialect' (remove the property setting and it will be selected by default)
15:45:48.008 [main] INFO  o.h.e.t.j.p.i.JtaPlatformInitiator - HHH000489: No JTA platform available (set 'hibernate.transaction.jta.platform' to enable JTA platform integration)
15:45:48.034 [main] INFO  o.s.o.j.LocalContainerEntityManagerFactoryBean - Initialized JPA EntityManagerFactory for persistence unit 'default'
15:45:48.643 [main] WARN  o.s.b.a.o.j.JpaBaseConfiguration$JpaWebConfiguration - spring.jpa.open-in-view is enabled by default. Therefore, database queries may be performed during view rendering. Explicitly configure spring.jpa.open-in-view to disable this warning
15:45:49.477 [main] INFO  o.a.coyote.http11.Http11NioProtocol - Starting ProtocolHandler ["http-nio-8080"]
15:45:49.507 [main] INFO  o.s.b.w.e.tomcat.TomcatWebServer - Tomcat started on port 8080 (http) with context path ''
15:45:49.518 [main] INFO  com.practice.aop.aop.AopApplication - Started AopApplication in 5.69 seconds (process running for 6.069)
15:46:30.563 [http-nio-8080-exec-1] INFO  o.a.c.c.C.[Tomcat].[localhost].[/] - Initializing Spring DispatcherServlet 'dispatcherServlet'
15:46:30.563 [http-nio-8080-exec-1] INFO  o.s.web.servlet.DispatcherServlet - Initializing Servlet 'dispatcherServlet'
15:46:30.565 [http-nio-8080-exec-1] INFO  o.s.web.servlet.DispatcherServlet - Completed initialization in 2 ms
15:46:30.700 [http-nio-8080-exec-1] INFO  c.p.aop.aop.aop.LogsServicesRest - Se ingreso al metodo: save 
 con los parametros: Person(id=1234, firstName=Jonatan, lastName=Restrepo, email=jonatan@email.com, gender=Male, ipAddress=192.168.0.1)
15:46:31.165 [http-nio-8080-exec-1] INFO  c.p.aop.aop.aop.LogsServicesRest - Saliendo del metodo: save 
 con el estatus y info: 201 CREATED Person(id=1234, firstName=Jonatan, lastName=Restrepo, email=jonatan@email.com, gender=Male, ipAddress=192.168.0.1)
15:46:36.408 [http-nio-8080-exec-3] INFO  c.p.aop.aop.aop.LogsServicesRest - Se ingreso al metodo: save 
 con los parametros: Person(id=1234, firstName=Jonatan, lastName=Restrepo, email=jonatan@email.com, gender=Male, ipAddress=192.168.0.1)
15:47:51.311 [main] INFO  com.practice.aop.aop.AopApplication - Starting AopApplication using Java 21.0.2 with PID 22536 (E:\documents\Proyectos\aop\aop\build\classes\java\main started by jhons in E:\documents\Proyectos\aop\aop)
15:47:51.313 [main] INFO  com.practice.aop.aop.AopApplication - The following 1 profile is active: "dev"
15:47:52.382 [main] INFO  o.s.d.r.c.RepositoryConfigurationDelegate - Bootstrapping Spring Data JPA repositories in DEFAULT mode.
15:47:52.484 [main] INFO  o.s.d.r.c.RepositoryConfigurationDelegate - Finished Spring Data repository scanning in 85 ms. Found 1 JPA repository interface.
15:47:53.337 [main] INFO  o.s.b.w.e.tomcat.TomcatWebServer - Tomcat initialized with port 8080 (http)
15:47:53.349 [main] INFO  o.a.coyote.http11.Http11NioProtocol - Initializing ProtocolHandler ["http-nio-8080"]
15:47:53.351 [main] INFO  o.a.catalina.core.StandardService - Starting service [Tomcat]
15:47:53.352 [main] INFO  o.a.catalina.core.StandardEngine - Starting Servlet engine: [Apache Tomcat/10.1.18]
15:47:53.429 [main] INFO  o.a.c.c.C.[Tomcat].[localhost].[/] - Initializing Spring embedded WebApplicationContext
15:47:53.430 [main] INFO  o.s.b.w.s.c.ServletWebServerApplicationContext - Root WebApplicationContext: initialization completed in 2048 ms
15:47:53.492 [main] INFO  com.zaxxer.hikari.HikariDataSource - HikariPool-1 - Starting...
15:47:53.769 [main] INFO  com.zaxxer.hikari.pool.HikariPool - HikariPool-1 - Added connection conn0: url=jdbc:h2:mem:testdb user=SA
15:47:53.772 [main] INFO  com.zaxxer.hikari.HikariDataSource - HikariPool-1 - Start completed.
15:47:53.792 [main] INFO  o.s.b.a.h.H2ConsoleAutoConfiguration - H2 console available at '/h2-console'. Database available at 'jdbc:h2:mem:testdb'
15:47:54.034 [main] INFO  o.h.jpa.internal.util.LogHelper - HHH000204: Processing PersistenceUnitInfo [name: default]
15:47:54.136 [main] INFO  org.hibernate.Version - HHH000412: Hibernate ORM core version 6.4.1.Final
15:47:54.176 [main] INFO  o.h.c.i.RegionFactoryInitiator - HHH000026: Second-level cache disabled
15:47:54.460 [main] INFO  o.s.o.j.p.SpringPersistenceUnitInfo - No LoadTimeWeaver setup: ignoring JPA class transformer
15:47:54.513 [main] WARN  org.hibernate.orm.deprecation - HHH90000025: H2Dialect does not need to be specified explicitly using 'hibernate.dialect' (remove the property setting and it will be selected by default)
15:47:55.386 [main] INFO  o.h.e.t.j.p.i.JtaPlatformInitiator - HHH000489: No JTA platform available (set 'hibernate.transaction.jta.platform' to enable JTA platform integration)
15:47:55.414 [main] INFO  o.s.o.j.LocalContainerEntityManagerFactoryBean - Initialized JPA EntityManagerFactory for persistence unit 'default'
15:47:56.058 [main] WARN  o.s.b.a.o.j.JpaBaseConfiguration$JpaWebConfiguration - spring.jpa.open-in-view is enabled by default. Therefore, database queries may be performed during view rendering. Explicitly configure spring.jpa.open-in-view to disable this warning
15:47:56.975 [main] INFO  o.a.coyote.http11.Http11NioProtocol - Starting ProtocolHandler ["http-nio-8080"]
15:47:57.002 [main] INFO  o.s.b.w.e.tomcat.TomcatWebServer - Tomcat started on port 8080 (http) with context path ''
15:47:57.014 [main] INFO  com.practice.aop.aop.AopApplication - Started AopApplication in 6.298 seconds (process running for 6.727)
15:48:02.162 [http-nio-8080-exec-2] INFO  o.a.c.c.C.[Tomcat].[localhost].[/] - Initializing Spring DispatcherServlet 'dispatcherServlet'
15:48:02.162 [http-nio-8080-exec-2] INFO  o.s.web.servlet.DispatcherServlet - Initializing Servlet 'dispatcherServlet'
15:48:02.165 [http-nio-8080-exec-2] INFO  o.s.web.servlet.DispatcherServlet - Completed initialization in 2 ms
15:48:02.347 [http-nio-8080-exec-2] INFO  c.p.aop.aop.aop.LogsServicesRest - Se ingreso al metodo: save 
 con los parametros: Person(id=1234, firstName=Jonatan, lastName=Restrepo, email=jonatan@email.com, gender=Male, ipAddress=192.168.0.1)
15:48:02.896 [http-nio-8080-exec-2] INFO  c.p.aop.aop.aop.LogsServicesRest - Saliendo del metodo: save 
 con el estatus y info: 201 CREATED Person(id=1234, firstName=Jonatan, lastName=Restrepo, email=jonatan@email.com, gender=Male, ipAddress=192.168.0.1)
15:48:04.396 [http-nio-8080-exec-3] INFO  c.p.aop.aop.aop.LogsServicesRest - Se ingreso al metodo: save 
 con los parametros: Person(id=1234, firstName=Jonatan, lastName=Restrepo, email=jonatan@email.com, gender=Male, ipAddress=192.168.0.1)
15:48:35.218 [main] INFO  com.practice.aop.aop.AopApplication - Starting AopApplication using Java 21.0.2 with PID 14884 (E:\documents\Proyectos\aop\aop\build\classes\java\main started by jhons in E:\documents\Proyectos\aop\aop)
15:48:35.220 [main] INFO  com.practice.aop.aop.AopApplication - The following 1 profile is active: "dev"
15:48:36.099 [main] INFO  o.s.d.r.c.RepositoryConfigurationDelegate - Bootstrapping Spring Data JPA repositories in DEFAULT mode.
15:48:36.164 [main] INFO  o.s.d.r.c.RepositoryConfigurationDelegate - Finished Spring Data repository scanning in 52 ms. Found 1 JPA repository interface.
15:48:37.104 [main] INFO  o.s.b.w.e.tomcat.TomcatWebServer - Tomcat initialized with port 8080 (http)
15:48:37.115 [main] INFO  o.a.coyote.http11.Http11NioProtocol - Initializing ProtocolHandler ["http-nio-8080"]
15:48:37.117 [main] INFO  o.a.catalina.core.StandardService - Starting service [Tomcat]
15:48:37.118 [main] INFO  o.a.catalina.core.StandardEngine - Starting Servlet engine: [Apache Tomcat/10.1.18]
15:48:37.222 [main] INFO  o.a.c.c.C.[Tomcat].[localhost].[/] - Initializing Spring embedded WebApplicationContext
15:48:37.222 [main] INFO  o.s.b.w.s.c.ServletWebServerApplicationContext - Root WebApplicationContext: initialization completed in 1937 ms
15:48:37.285 [main] INFO  com.zaxxer.hikari.HikariDataSource - HikariPool-1 - Starting...
15:48:37.477 [main] INFO  com.zaxxer.hikari.pool.HikariPool - HikariPool-1 - Added connection conn0: url=jdbc:h2:mem:testdb user=SA
15:48:37.479 [main] INFO  com.zaxxer.hikari.HikariDataSource - HikariPool-1 - Start completed.
15:48:37.489 [main] INFO  o.s.b.a.h.H2ConsoleAutoConfiguration - H2 console available at '/h2-console'. Database available at 'jdbc:h2:mem:testdb'
15:48:37.687 [main] INFO  o.h.jpa.internal.util.LogHelper - HHH000204: Processing PersistenceUnitInfo [name: default]
15:48:37.742 [main] INFO  org.hibernate.Version - HHH000412: Hibernate ORM core version 6.4.1.Final
15:48:37.785 [main] INFO  o.h.c.i.RegionFactoryInitiator - HHH000026: Second-level cache disabled
15:48:38.196 [main] INFO  o.s.o.j.p.SpringPersistenceUnitInfo - No LoadTimeWeaver setup: ignoring JPA class transformer
15:48:38.255 [main] WARN  org.hibernate.orm.deprecation - HHH90000025: H2Dialect does not need to be specified explicitly using 'hibernate.dialect' (remove the property setting and it will be selected by default)
15:48:39.083 [main] INFO  o.h.e.t.j.p.i.JtaPlatformInitiator - HHH000489: No JTA platform available (set 'hibernate.transaction.jta.platform' to enable JTA platform integration)
15:48:39.112 [main] INFO  o.s.o.j.LocalContainerEntityManagerFactoryBean - Initialized JPA EntityManagerFactory for persistence unit 'default'
15:48:39.695 [main] WARN  o.s.b.a.o.j.JpaBaseConfiguration$JpaWebConfiguration - spring.jpa.open-in-view is enabled by default. Therefore, database queries may be performed during view rendering. Explicitly configure spring.jpa.open-in-view to disable this warning
15:48:40.746 [main] INFO  o.a.coyote.http11.Http11NioProtocol - Starting ProtocolHandler ["http-nio-8080"]
15:48:40.783 [main] INFO  o.s.b.w.e.tomcat.TomcatWebServer - Tomcat started on port 8080 (http) with context path ''
15:48:40.802 [main] INFO  com.practice.aop.aop.AopApplication - Started AopApplication in 6.153 seconds (process running for 6.586)
15:48:44.563 [http-nio-8080-exec-2] INFO  o.a.c.c.C.[Tomcat].[localhost].[/] - Initializing Spring DispatcherServlet 'dispatcherServlet'
15:48:44.564 [http-nio-8080-exec-2] INFO  o.s.web.servlet.DispatcherServlet - Initializing Servlet 'dispatcherServlet'
15:48:44.566 [http-nio-8080-exec-2] INFO  o.s.web.servlet.DispatcherServlet - Completed initialization in 2 ms
15:48:44.659 [http-nio-8080-exec-2] INFO  c.p.aop.aop.aop.LogsServicesRest - Se ingreso al metodo: save 
 con los parametros: Person(id=1234, firstName=Jonatan, lastName=Restrepo, email=jonatan@email.com, gender=Male, ipAddress=192.168.0.1)
15:48:45.114 [http-nio-8080-exec-2] INFO  c.p.aop.aop.aop.LogsServicesRest - Saliendo del metodo: save 
 con el estatus y info: 201 CREATED Person(id=1234, firstName=Jonatan, lastName=Restrepo, email=jonatan@email.com, gender=Male, ipAddress=192.168.0.1)
15:48:46.128 [http-nio-8080-exec-3] INFO  c.p.aop.aop.aop.LogsServicesRest - Se ingreso al metodo: save 
 con los parametros: Person(id=1234, firstName=Jonatan, lastName=Restrepo, email=jonatan@email.com, gender=Male, ipAddress=192.168.0.1)
15:51:23.651 [main] INFO  com.practice.aop.aop.AopApplication - Starting AopApplication using Java 21.0.2 with PID 6836 (E:\documents\Proyectos\aop\aop\build\classes\java\main started by jhons in E:\documents\Proyectos\aop\aop)
15:51:23.653 [main] INFO  com.practice.aop.aop.AopApplication - The following 1 profile is active: "dev"
15:51:24.463 [main] INFO  o.s.d.r.c.RepositoryConfigurationDelegate - Bootstrapping Spring Data JPA repositories in DEFAULT mode.
15:51:24.520 [main] INFO  o.s.d.r.c.RepositoryConfigurationDelegate - Finished Spring Data repository scanning in 48 ms. Found 1 JPA repository interface.
15:51:25.571 [main] INFO  o.s.b.w.e.tomcat.TomcatWebServer - Tomcat initialized with port 8080 (http)
15:51:25.591 [main] INFO  o.a.coyote.http11.Http11NioProtocol - Initializing ProtocolHandler ["http-nio-8080"]
15:51:25.595 [main] INFO  o.a.catalina.core.StandardService - Starting service [Tomcat]
15:51:25.596 [main] INFO  o.a.catalina.core.StandardEngine - Starting Servlet engine: [Apache Tomcat/10.1.18]
15:51:25.694 [main] INFO  o.a.c.c.C.[Tomcat].[localhost].[/] - Initializing Spring embedded WebApplicationContext
15:51:25.694 [main] INFO  o.s.b.w.s.c.ServletWebServerApplicationContext - Root WebApplicationContext: initialization completed in 1969 ms
15:51:25.756 [main] INFO  com.zaxxer.hikari.HikariDataSource - HikariPool-1 - Starting...
15:51:25.968 [main] INFO  com.zaxxer.hikari.pool.HikariPool - HikariPool-1 - Added connection conn0: url=jdbc:h2:mem:testdb user=SA
15:51:25.970 [main] INFO  com.zaxxer.hikari.HikariDataSource - HikariPool-1 - Start completed.
15:51:25.984 [main] INFO  o.s.b.a.h.H2ConsoleAutoConfiguration - H2 console available at '/h2-console'. Database available at 'jdbc:h2:mem:testdb'
15:51:26.174 [main] INFO  o.h.jpa.internal.util.LogHelper - HHH000204: Processing PersistenceUnitInfo [name: default]
15:51:26.245 [main] INFO  org.hibernate.Version - HHH000412: Hibernate ORM core version 6.4.1.Final
15:51:26.282 [main] INFO  o.h.c.i.RegionFactoryInitiator - HHH000026: Second-level cache disabled
15:51:26.571 [main] INFO  o.s.o.j.p.SpringPersistenceUnitInfo - No LoadTimeWeaver setup: ignoring JPA class transformer
15:51:26.634 [main] WARN  org.hibernate.orm.deprecation - HHH90000025: H2Dialect does not need to be specified explicitly using 'hibernate.dialect' (remove the property setting and it will be selected by default)
15:51:27.493 [main] INFO  o.h.e.t.j.p.i.JtaPlatformInitiator - HHH000489: No JTA platform available (set 'hibernate.transaction.jta.platform' to enable JTA platform integration)
15:51:27.517 [main] INFO  o.s.o.j.LocalContainerEntityManagerFactoryBean - Initialized JPA EntityManagerFactory for persistence unit 'default'
15:51:28.150 [main] WARN  o.s.b.a.o.j.JpaBaseConfiguration$JpaWebConfiguration - spring.jpa.open-in-view is enabled by default. Therefore, database queries may be performed during view rendering. Explicitly configure spring.jpa.open-in-view to disable this warning
15:51:28.963 [main] INFO  o.a.coyote.http11.Http11NioProtocol - Starting ProtocolHandler ["http-nio-8080"]
15:51:28.989 [main] INFO  o.s.b.w.e.tomcat.TomcatWebServer - Tomcat started on port 8080 (http) with context path ''
15:51:28.998 [main] INFO  com.practice.aop.aop.AopApplication - Started AopApplication in 5.897 seconds (process running for 6.287)
15:51:34.163 [http-nio-8080-exec-2] INFO  o.a.c.c.C.[Tomcat].[localhost].[/] - Initializing Spring DispatcherServlet 'dispatcherServlet'
15:51:34.164 [http-nio-8080-exec-2] INFO  o.s.web.servlet.DispatcherServlet - Initializing Servlet 'dispatcherServlet'
15:51:34.165 [http-nio-8080-exec-2] INFO  o.s.web.servlet.DispatcherServlet - Completed initialization in 1 ms
15:51:34.261 [http-nio-8080-exec-2] INFO  c.p.aop.aop.aop.LogsServicesRest - Se ingreso al metodo: save 
 con los parametros: Person(id=1234, firstName=Jonatan, lastName=Restrepo, email=jonatan@email.com, gender=Male, ipAddress=192.168.0.1)
15:51:34.699 [http-nio-8080-exec-2] INFO  c.p.aop.aop.aop.LogsServicesRest - Saliendo del metodo: save 
 con el estatus y info: 201 CREATED Person(id=1234, firstName=Jonatan, lastName=Restrepo, email=jonatan@email.com, gender=Male, ipAddress=192.168.0.1)
15:51:35.889 [http-nio-8080-exec-3] INFO  c.p.aop.aop.aop.LogsServicesRest - Se ingreso al metodo: save 
 con los parametros: Person(id=1234, firstName=Jonatan, lastName=Restrepo, email=jonatan@email.com, gender=Male, ipAddress=192.168.0.1)
15:54:22.284 [main] INFO  com.practice.aop.aop.AopApplication - Starting AopApplication using Java 21.0.2 with PID 9432 (E:\documents\Proyectos\aop\aop\build\classes\java\main started by jhons in E:\documents\Proyectos\aop\aop)
15:54:22.286 [main] INFO  com.practice.aop.aop.AopApplication - The following 1 profile is active: "dev"
15:54:23.086 [main] INFO  o.s.d.r.c.RepositoryConfigurationDelegate - Bootstrapping Spring Data JPA repositories in DEFAULT mode.
15:54:23.156 [main] INFO  o.s.d.r.c.RepositoryConfigurationDelegate - Finished Spring Data repository scanning in 60 ms. Found 1 JPA repository interface.
15:54:24.106 [main] INFO  o.s.b.w.e.tomcat.TomcatWebServer - Tomcat initialized with port 8080 (http)
15:54:24.119 [main] INFO  o.a.coyote.http11.Http11NioProtocol - Initializing ProtocolHandler ["http-nio-8080"]
15:54:24.122 [main] INFO  o.a.catalina.core.StandardService - Starting service [Tomcat]
15:54:24.123 [main] INFO  o.a.catalina.core.StandardEngine - Starting Servlet engine: [Apache Tomcat/10.1.18]
15:54:24.209 [main] INFO  o.a.c.c.C.[Tomcat].[localhost].[/] - Initializing Spring embedded WebApplicationContext
15:54:24.210 [main] INFO  o.s.b.w.s.c.ServletWebServerApplicationContext - Root WebApplicationContext: initialization completed in 1860 ms
15:54:24.276 [main] INFO  com.zaxxer.hikari.HikariDataSource - HikariPool-1 - Starting...
15:54:24.496 [main] INFO  com.zaxxer.hikari.pool.HikariPool - HikariPool-1 - Added connection conn0: url=jdbc:h2:mem:testdb user=SA
15:54:24.498 [main] INFO  com.zaxxer.hikari.HikariDataSource - HikariPool-1 - Start completed.
15:54:24.512 [main] INFO  o.s.b.a.h.H2ConsoleAutoConfiguration - H2 console available at '/h2-console'. Database available at 'jdbc:h2:mem:testdb'
15:54:24.705 [main] INFO  o.h.jpa.internal.util.LogHelper - HHH000204: Processing PersistenceUnitInfo [name: default]
15:54:24.779 [main] INFO  org.hibernate.Version - HHH000412: Hibernate ORM core version 6.4.1.Final
15:54:24.825 [main] INFO  o.h.c.i.RegionFactoryInitiator - HHH000026: Second-level cache disabled
15:54:25.133 [main] INFO  o.s.o.j.p.SpringPersistenceUnitInfo - No LoadTimeWeaver setup: ignoring JPA class transformer
15:54:25.184 [main] WARN  org.hibernate.orm.deprecation - HHH90000025: H2Dialect does not need to be specified explicitly using 'hibernate.dialect' (remove the property setting and it will be selected by default)
15:54:26.028 [main] INFO  o.h.e.t.j.p.i.JtaPlatformInitiator - HHH000489: No JTA platform available (set 'hibernate.transaction.jta.platform' to enable JTA platform integration)
15:54:26.056 [main] INFO  o.s.o.j.LocalContainerEntityManagerFactoryBean - Initialized JPA EntityManagerFactory for persistence unit 'default'
15:54:26.694 [main] WARN  o.s.b.a.o.j.JpaBaseConfiguration$JpaWebConfiguration - spring.jpa.open-in-view is enabled by default. Therefore, database queries may be performed during view rendering. Explicitly configure spring.jpa.open-in-view to disable this warning
15:54:27.835 [main] INFO  o.a.coyote.http11.Http11NioProtocol - Starting ProtocolHandler ["http-nio-8080"]
15:54:27.864 [main] INFO  o.s.b.w.e.tomcat.TomcatWebServer - Tomcat started on port 8080 (http) with context path ''
15:54:27.873 [main] INFO  com.practice.aop.aop.AopApplication - Started AopApplication in 6.123 seconds (process running for 6.488)
15:54:39.943 [http-nio-8080-exec-1] INFO  o.a.c.c.C.[Tomcat].[localhost].[/] - Initializing Spring DispatcherServlet 'dispatcherServlet'
15:54:39.943 [http-nio-8080-exec-1] INFO  o.s.web.servlet.DispatcherServlet - Initializing Servlet 'dispatcherServlet'
15:54:39.945 [http-nio-8080-exec-1] INFO  o.s.web.servlet.DispatcherServlet - Completed initialization in 2 ms
15:54:40.071 [http-nio-8080-exec-1] INFO  c.p.aop.aop.aop.LogsServicesRest - Se ingreso al metodo: save 
 con los parametros: Person(id=1234, firstName=Jonatan, lastName=Restrepo, email=jonatan@email.com, gender=Male, ipAddress=192.168.0.1)
15:54:40.569 [http-nio-8080-exec-1] INFO  c.p.aop.aop.aop.LogsServicesRest - Saliendo del metodo: save 
 con el estatus y info: 201 CREATED Person(id=1234, firstName=Jonatan, lastName=Restrepo, email=jonatan@email.com, gender=Male, ipAddress=192.168.0.1)
15:54:42.019 [http-nio-8080-exec-2] INFO  c.p.aop.aop.aop.LogsServicesRest - Se ingreso al metodo: save 
 con los parametros: Person(id=1234, firstName=Jonatan, lastName=Restrepo, email=jonatan@email.com, gender=Male, ipAddress=192.168.0.1)
15:58:46.502 [main] INFO  com.practice.aop.aop.AopApplication - Starting AopApplication using Java 21.0.2 with PID 22932 (E:\documents\Proyectos\aop\aop\build\classes\java\main started by jhons in E:\documents\Proyectos\aop\aop)
15:58:46.504 [main] INFO  com.practice.aop.aop.AopApplication - The following 1 profile is active: "dev"
15:58:47.462 [main] INFO  o.s.d.r.c.RepositoryConfigurationDelegate - Bootstrapping Spring Data JPA repositories in DEFAULT mode.
15:58:47.556 [main] INFO  o.s.d.r.c.RepositoryConfigurationDelegate - Finished Spring Data repository scanning in 77 ms. Found 1 JPA repository interface.
15:58:48.529 [main] INFO  o.s.b.w.e.tomcat.TomcatWebServer - Tomcat initialized with port 8080 (http)
15:58:48.547 [main] INFO  o.a.coyote.http11.Http11NioProtocol - Initializing ProtocolHandler ["http-nio-8080"]
15:58:48.549 [main] INFO  o.a.catalina.core.StandardService - Starting service [Tomcat]
15:58:48.550 [main] INFO  o.a.catalina.core.StandardEngine - Starting Servlet engine: [Apache Tomcat/10.1.18]
15:58:48.621 [main] INFO  o.a.c.c.C.[Tomcat].[localhost].[/] - Initializing Spring embedded WebApplicationContext
15:58:48.621 [main] INFO  o.s.b.w.s.c.ServletWebServerApplicationContext - Root WebApplicationContext: initialization completed in 2055 ms
15:58:48.674 [main] INFO  com.zaxxer.hikari.HikariDataSource - HikariPool-1 - Starting...
15:58:48.859 [main] INFO  com.zaxxer.hikari.pool.HikariPool - HikariPool-1 - Added connection conn0: url=jdbc:h2:mem:testdb user=SA
15:58:48.860 [main] INFO  com.zaxxer.hikari.HikariDataSource - HikariPool-1 - Start completed.
15:58:48.871 [main] INFO  o.s.b.a.h.H2ConsoleAutoConfiguration - H2 console available at '/h2-console'. Database available at 'jdbc:h2:mem:testdb'
15:58:49.048 [main] INFO  o.h.jpa.internal.util.LogHelper - HHH000204: Processing PersistenceUnitInfo [name: default]
15:58:49.129 [main] INFO  org.hibernate.Version - HHH000412: Hibernate ORM core version 6.4.1.Final
15:58:49.170 [main] INFO  o.h.c.i.RegionFactoryInitiator - HHH000026: Second-level cache disabled
15:58:49.443 [main] INFO  o.s.o.j.p.SpringPersistenceUnitInfo - No LoadTimeWeaver setup: ignoring JPA class transformer
15:58:49.492 [main] WARN  org.hibernate.orm.deprecation - HHH90000025: H2Dialect does not need to be specified explicitly using 'hibernate.dialect' (remove the property setting and it will be selected by default)
15:58:50.273 [main] INFO  o.h.e.t.j.p.i.JtaPlatformInitiator - HHH000489: No JTA platform available (set 'hibernate.transaction.jta.platform' to enable JTA platform integration)
15:58:50.303 [main] INFO  o.s.o.j.LocalContainerEntityManagerFactoryBean - Initialized JPA EntityManagerFactory for persistence unit 'default'
15:58:50.891 [main] WARN  o.s.b.a.o.j.JpaBaseConfiguration$JpaWebConfiguration - spring.jpa.open-in-view is enabled by default. Therefore, database queries may be performed during view rendering. Explicitly configure spring.jpa.open-in-view to disable this warning
15:58:51.824 [main] INFO  o.a.coyote.http11.Http11NioProtocol - Starting ProtocolHandler ["http-nio-8080"]
15:58:51.850 [main] INFO  o.s.b.w.e.tomcat.TomcatWebServer - Tomcat started on port 8080 (http) with context path ''
15:58:51.859 [main] INFO  com.practice.aop.aop.AopApplication - Started AopApplication in 5.883 seconds (process running for 6.266)
15:58:56.856 [http-nio-8080-exec-4] INFO  o.a.c.c.C.[Tomcat].[localhost].[/] - Initializing Spring DispatcherServlet 'dispatcherServlet'
15:58:56.857 [http-nio-8080-exec-4] INFO  o.s.web.servlet.DispatcherServlet - Initializing Servlet 'dispatcherServlet'
15:58:56.858 [http-nio-8080-exec-4] INFO  o.s.web.servlet.DispatcherServlet - Completed initialization in 1 ms
15:58:56.980 [http-nio-8080-exec-4] INFO  c.p.aop.aop.aop.LogsServicesRest - Se ingreso al metodo: save 
 con los parametros: Person(id=1234, firstName=Jonatan, lastName=Restrepo, email=jonatan@email.com, gender=Male, ipAddress=192.168.0.1)
15:58:57.517 [http-nio-8080-exec-4] INFO  c.p.aop.aop.aop.LogsServicesRest - Saliendo del metodo: save 
 con el estatus y info: 201 CREATED Person(id=1234, firstName=Jonatan, lastName=Restrepo, email=jonatan@email.com, gender=Male, ipAddress=192.168.0.1)
15:58:58.532 [http-nio-8080-exec-3] INFO  c.p.aop.aop.aop.LogsServicesRest - Se ingreso al metodo: save 
 con los parametros: Person(id=1234, firstName=Jonatan, lastName=Restrepo, email=jonatan@email.com, gender=Male, ipAddress=192.168.0.1)
16:01:37.791 [main] INFO  com.practice.aop.aop.AopApplication - Starting AopApplication using Java 21.0.2 with PID 15268 (E:\documents\Proyectos\aop\aop\build\classes\java\main started by jhons in E:\documents\Proyectos\aop\aop)
16:01:37.794 [main] INFO  com.practice.aop.aop.AopApplication - The following 1 profile is active: "dev"
16:01:38.556 [main] INFO  o.s.d.r.c.RepositoryConfigurationDelegate - Bootstrapping Spring Data JPA repositories in DEFAULT mode.
16:01:38.620 [main] INFO  o.s.d.r.c.RepositoryConfigurationDelegate - Finished Spring Data repository scanning in 53 ms. Found 1 JPA repository interface.
16:01:39.461 [main] INFO  o.s.b.w.e.tomcat.TomcatWebServer - Tomcat initialized with port 8080 (http)
16:01:39.476 [main] INFO  o.a.coyote.http11.Http11NioProtocol - Initializing ProtocolHandler ["http-nio-8080"]
16:01:39.480 [main] INFO  o.a.catalina.core.StandardService - Starting service [Tomcat]
16:01:39.480 [main] INFO  o.a.catalina.core.StandardEngine - Starting Servlet engine: [Apache Tomcat/10.1.18]
16:01:39.558 [main] INFO  o.a.c.c.C.[Tomcat].[localhost].[/] - Initializing Spring embedded WebApplicationContext
16:01:39.558 [main] INFO  o.s.b.w.s.c.ServletWebServerApplicationContext - Root WebApplicationContext: initialization completed in 1710 ms
16:01:39.614 [main] INFO  com.zaxxer.hikari.HikariDataSource - HikariPool-1 - Starting...
16:01:39.887 [main] INFO  com.zaxxer.hikari.pool.HikariPool - HikariPool-1 - Added connection conn0: url=jdbc:h2:mem:testdb user=SA
16:01:39.890 [main] INFO  com.zaxxer.hikari.HikariDataSource - HikariPool-1 - Start completed.
16:01:39.906 [main] INFO  o.s.b.a.h.H2ConsoleAutoConfiguration - H2 console available at '/h2-console'. Database available at 'jdbc:h2:mem:testdb'
16:01:40.146 [main] INFO  o.h.jpa.internal.util.LogHelper - HHH000204: Processing PersistenceUnitInfo [name: default]
16:01:40.229 [main] INFO  org.hibernate.Version - HHH000412: Hibernate ORM core version 6.4.1.Final
16:01:40.280 [main] INFO  o.h.c.i.RegionFactoryInitiator - HHH000026: Second-level cache disabled
16:01:40.580 [main] INFO  o.s.o.j.p.SpringPersistenceUnitInfo - No LoadTimeWeaver setup: ignoring JPA class transformer
16:01:40.631 [main] WARN  org.hibernate.orm.deprecation - HHH90000025: H2Dialect does not need to be specified explicitly using 'hibernate.dialect' (remove the property setting and it will be selected by default)
16:01:41.448 [main] INFO  o.h.e.t.j.p.i.JtaPlatformInitiator - HHH000489: No JTA platform available (set 'hibernate.transaction.jta.platform' to enable JTA platform integration)
16:01:41.475 [main] INFO  o.s.o.j.LocalContainerEntityManagerFactoryBean - Initialized JPA EntityManagerFactory for persistence unit 'default'
16:01:42.083 [main] WARN  o.s.b.a.o.j.JpaBaseConfiguration$JpaWebConfiguration - spring.jpa.open-in-view is enabled by default. Therefore, database queries may be performed during view rendering. Explicitly configure spring.jpa.open-in-view to disable this warning
16:01:42.961 [main] INFO  o.a.coyote.http11.Http11NioProtocol - Starting ProtocolHandler ["http-nio-8080"]
16:01:42.988 [main] INFO  o.s.b.w.e.tomcat.TomcatWebServer - Tomcat started on port 8080 (http) with context path ''
16:01:42.997 [main] INFO  com.practice.aop.aop.AopApplication - Started AopApplication in 5.79 seconds (process running for 6.206)
16:01:47.497 [http-nio-8080-exec-1] INFO  o.a.c.c.C.[Tomcat].[localhost].[/] - Initializing Spring DispatcherServlet 'dispatcherServlet'
16:01:47.497 [http-nio-8080-exec-1] INFO  o.s.web.servlet.DispatcherServlet - Initializing Servlet 'dispatcherServlet'
16:01:47.498 [http-nio-8080-exec-1] INFO  o.s.web.servlet.DispatcherServlet - Completed initialization in 1 ms
16:01:47.607 [http-nio-8080-exec-1] INFO  c.p.aop.aop.aop.LogsServicesRest - Se ingreso al metodo: save 
 con los parametros: Person(id=1234, firstName=Jonatan, lastName=Restrepo, email=jonatan@email.com, gender=Male, ipAddress=192.168.0.1)
16:01:48.091 [http-nio-8080-exec-1] INFO  c.p.aop.aop.aop.LogsServicesRest - Saliendo del metodo: save 
 con el estatus y info: 201 CREATED Person(id=1234, firstName=Jonatan, lastName=Restrepo, email=jonatan@email.com, gender=Male, ipAddress=192.168.0.1)
16:01:50.040 [http-nio-8080-exec-3] INFO  c.p.aop.aop.aop.LogsServicesRest - Se ingreso al metodo: save 
 con los parametros: Person(id=1234, firstName=Jonatan, lastName=Restrepo, email=jonatan@email.com, gender=Male, ipAddress=192.168.0.1)
16:06:29.667 [main] INFO  com.practice.aop.aop.AopApplication - Starting AopApplication using Java 21.0.2 with PID 17752 (E:\documents\Proyectos\aop\aop\build\classes\java\main started by jhons in E:\documents\Proyectos\aop\aop)
16:06:29.669 [main] INFO  com.practice.aop.aop.AopApplication - The following 1 profile is active: "dev"
16:06:30.494 [main] INFO  o.s.d.r.c.RepositoryConfigurationDelegate - Bootstrapping Spring Data JPA repositories in DEFAULT mode.
16:06:30.556 [main] INFO  o.s.d.r.c.RepositoryConfigurationDelegate - Finished Spring Data repository scanning in 52 ms. Found 1 JPA repository interface.
16:06:31.639 [main] INFO  o.s.b.w.e.tomcat.TomcatWebServer - Tomcat initialized with port 8080 (http)
16:06:31.654 [main] INFO  o.a.coyote.http11.Http11NioProtocol - Initializing ProtocolHandler ["http-nio-8080"]
16:06:31.658 [main] INFO  o.a.catalina.core.StandardService - Starting service [Tomcat]
16:06:31.659 [main] INFO  o.a.catalina.core.StandardEngine - Starting Servlet engine: [Apache Tomcat/10.1.18]
16:06:31.759 [main] INFO  o.a.c.c.C.[Tomcat].[localhost].[/] - Initializing Spring embedded WebApplicationContext
16:06:31.760 [main] INFO  o.s.b.w.s.c.ServletWebServerApplicationContext - Root WebApplicationContext: initialization completed in 2029 ms
16:06:31.846 [main] INFO  com.zaxxer.hikari.HikariDataSource - HikariPool-1 - Starting...
16:06:32.092 [main] INFO  com.zaxxer.hikari.pool.HikariPool - HikariPool-1 - Added connection conn0: url=jdbc:h2:mem:testdb user=SA
16:06:32.094 [main] INFO  com.zaxxer.hikari.HikariDataSource - HikariPool-1 - Start completed.
16:06:32.109 [main] INFO  o.s.b.a.h.H2ConsoleAutoConfiguration - H2 console available at '/h2-console'. Database available at 'jdbc:h2:mem:testdb'
16:06:32.358 [main] INFO  o.h.jpa.internal.util.LogHelper - HHH000204: Processing PersistenceUnitInfo [name: default]
16:06:32.439 [main] INFO  org.hibernate.Version - HHH000412: Hibernate ORM core version 6.4.1.Final
16:06:32.485 [main] INFO  o.h.c.i.RegionFactoryInitiator - HHH000026: Second-level cache disabled
16:06:32.909 [main] INFO  o.s.o.j.p.SpringPersistenceUnitInfo - No LoadTimeWeaver setup: ignoring JPA class transformer
16:06:32.998 [main] WARN  org.hibernate.orm.deprecation - HHH90000025: H2Dialect does not need to be specified explicitly using 'hibernate.dialect' (remove the property setting and it will be selected by default)
16:06:33.829 [main] INFO  o.h.e.t.j.p.i.JtaPlatformInitiator - HHH000489: No JTA platform available (set 'hibernate.transaction.jta.platform' to enable JTA platform integration)
16:06:33.856 [main] INFO  o.s.o.j.LocalContainerEntityManagerFactoryBean - Initialized JPA EntityManagerFactory for persistence unit 'default'
16:06:34.529 [main] WARN  o.s.b.a.o.j.JpaBaseConfiguration$JpaWebConfiguration - spring.jpa.open-in-view is enabled by default. Therefore, database queries may be performed during view rendering. Explicitly configure spring.jpa.open-in-view to disable this warning
16:06:35.484 [main] INFO  o.a.coyote.http11.Http11NioProtocol - Starting ProtocolHandler ["http-nio-8080"]
16:06:35.507 [main] INFO  o.s.b.w.e.tomcat.TomcatWebServer - Tomcat started on port 8080 (http) with context path ''
16:06:35.515 [main] INFO  com.practice.aop.aop.AopApplication - Started AopApplication in 6.398 seconds (process running for 6.804)
16:06:40.040 [http-nio-8080-exec-2] INFO  o.a.c.c.C.[Tomcat].[localhost].[/] - Initializing Spring DispatcherServlet 'dispatcherServlet'
16:06:40.040 [http-nio-8080-exec-2] INFO  o.s.web.servlet.DispatcherServlet - Initializing Servlet 'dispatcherServlet'
16:06:40.042 [http-nio-8080-exec-2] INFO  o.s.web.servlet.DispatcherServlet - Completed initialization in 2 ms
16:06:40.183 [http-nio-8080-exec-2] INFO  c.p.aop.aop.aop.LogsServicesRest - Se ingreso al metodo: save 
 con los parametros: Person(id=1234, firstName=Jonatan, lastName=Restrepo, email=jonatan@email.com, gender=Male, ipAddress=192.168.0.1)
16:06:40.672 [http-nio-8080-exec-2] INFO  c.p.aop.aop.aop.LogsServicesRest - Saliendo del metodo: save 
 con el estatus y info: 201 CREATED Person(id=1234, firstName=Jonatan, lastName=Restrepo, email=jonatan@email.com, gender=Male, ipAddress=192.168.0.1)
16:06:43.038 [http-nio-8080-exec-3] INFO  c.p.aop.aop.aop.LogsServicesRest - Se ingreso al metodo: save 
 con los parametros: Person(id=1234, firstName=Jonatan, lastName=Restrepo, email=jonatan@email.com, gender=Male, ipAddress=192.168.0.1)
16:07:39.317 [main] INFO  com.practice.aop.aop.AopApplication - Starting AopApplication using Java 21.0.2 with PID 6324 (E:\documents\Proyectos\aop\aop\build\classes\java\main started by jhons in E:\documents\Proyectos\aop\aop)
16:07:39.319 [main] INFO  com.practice.aop.aop.AopApplication - The following 1 profile is active: "dev"
16:07:40.154 [main] INFO  o.s.d.r.c.RepositoryConfigurationDelegate - Bootstrapping Spring Data JPA repositories in DEFAULT mode.
16:07:40.233 [main] INFO  o.s.d.r.c.RepositoryConfigurationDelegate - Finished Spring Data repository scanning in 67 ms. Found 1 JPA repository interface.
16:07:41.191 [main] INFO  o.s.b.w.e.tomcat.TomcatWebServer - Tomcat initialized with port 8080 (http)
16:07:41.203 [main] INFO  o.a.coyote.http11.Http11NioProtocol - Initializing ProtocolHandler ["http-nio-8080"]
16:07:41.207 [main] INFO  o.a.catalina.core.StandardService - Starting service [Tomcat]
16:07:41.207 [main] INFO  o.a.catalina.core.StandardEngine - Starting Servlet engine: [Apache Tomcat/10.1.18]
16:07:41.289 [main] INFO  o.a.c.c.C.[Tomcat].[localhost].[/] - Initializing Spring embedded WebApplicationContext
16:07:41.290 [main] INFO  o.s.b.w.s.c.ServletWebServerApplicationContext - Root WebApplicationContext: initialization completed in 1912 ms
16:07:41.365 [main] INFO  com.zaxxer.hikari.HikariDataSource - HikariPool-1 - Starting...
16:07:41.610 [main] INFO  com.zaxxer.hikari.pool.HikariPool - HikariPool-1 - Added connection conn0: url=jdbc:h2:mem:testdb user=SA
16:07:41.612 [main] INFO  com.zaxxer.hikari.HikariDataSource - HikariPool-1 - Start completed.
16:07:41.624 [main] INFO  o.s.b.a.h.H2ConsoleAutoConfiguration - H2 console available at '/h2-console'. Database available at 'jdbc:h2:mem:testdb'
16:07:41.824 [main] INFO  o.h.jpa.internal.util.LogHelper - HHH000204: Processing PersistenceUnitInfo [name: default]
16:07:41.909 [main] INFO  org.hibernate.Version - HHH000412: Hibernate ORM core version 6.4.1.Final
16:07:41.952 [main] INFO  o.h.c.i.RegionFactoryInitiator - HHH000026: Second-level cache disabled
16:07:42.224 [main] INFO  o.s.o.j.p.SpringPersistenceUnitInfo - No LoadTimeWeaver setup: ignoring JPA class transformer
16:07:42.288 [main] WARN  org.hibernate.orm.deprecation - HHH90000025: H2Dialect does not need to be specified explicitly using 'hibernate.dialect' (remove the property setting and it will be selected by default)
16:07:43.153 [main] INFO  o.h.e.t.j.p.i.JtaPlatformInitiator - HHH000489: No JTA platform available (set 'hibernate.transaction.jta.platform' to enable JTA platform integration)
16:07:43.181 [main] INFO  o.s.o.j.LocalContainerEntityManagerFactoryBean - Initialized JPA EntityManagerFactory for persistence unit 'default'
16:07:43.819 [main] WARN  o.s.b.a.o.j.JpaBaseConfiguration$JpaWebConfiguration - spring.jpa.open-in-view is enabled by default. Therefore, database queries may be performed during view rendering. Explicitly configure spring.jpa.open-in-view to disable this warning
16:07:44.862 [main] INFO  o.a.coyote.http11.Http11NioProtocol - Starting ProtocolHandler ["http-nio-8080"]
16:07:44.888 [main] INFO  o.s.b.w.e.tomcat.TomcatWebServer - Tomcat started on port 8080 (http) with context path ''
16:07:44.898 [main] INFO  com.practice.aop.aop.AopApplication - Started AopApplication in 6.137 seconds (process running for 6.54)
16:07:53.730 [http-nio-8080-exec-2] INFO  o.a.c.c.C.[Tomcat].[localhost].[/] - Initializing Spring DispatcherServlet 'dispatcherServlet'
16:07:53.734 [http-nio-8080-exec-2] INFO  o.s.web.servlet.DispatcherServlet - Initializing Servlet 'dispatcherServlet'
16:07:53.734 [http-nio-8080-exec-2] INFO  o.s.web.servlet.DispatcherServlet - Completed initialization in 0 ms
16:07:53.834 [http-nio-8080-exec-2] INFO  c.p.aop.aop.aop.LogsServicesRest - Se ingreso al metodo: save 
 con los parametros: Person(id=1234, firstName=Jonatan, lastName=Restrepo, email=jonatan@email.com, gender=Male, ipAddress=192.168.0.1)
16:07:54.284 [http-nio-8080-exec-2] INFO  c.p.aop.aop.aop.LogsServicesRest - Saliendo del metodo: save 
 con el estatus y info: 201 CREATED Person(id=1234, firstName=Jonatan, lastName=Restrepo, email=jonatan@email.com, gender=Male, ipAddress=192.168.0.1)
16:07:55.855 [http-nio-8080-exec-3] INFO  c.p.aop.aop.aop.LogsServicesRest - Se ingreso al metodo: save 
 con los parametros: Person(id=1234, firstName=Jonatan, lastName=Restrepo, email=jonatan@email.com, gender=Male, ipAddress=192.168.0.1)
16:08:56.713 [main] INFO  com.practice.aop.aop.AopApplication - Starting AopApplication using Java 21.0.2 with PID 18296 (E:\documents\Proyectos\aop\aop\build\classes\java\main started by jhons in E:\documents\Proyectos\aop\aop)
16:08:56.715 [main] INFO  com.practice.aop.aop.AopApplication - The following 1 profile is active: "dev"
16:08:57.550 [main] INFO  o.s.d.r.c.RepositoryConfigurationDelegate - Bootstrapping Spring Data JPA repositories in DEFAULT mode.
16:08:57.614 [main] INFO  o.s.d.r.c.RepositoryConfigurationDelegate - Finished Spring Data repository scanning in 54 ms. Found 1 JPA repository interface.
16:08:58.472 [main] INFO  o.s.b.w.e.tomcat.TomcatWebServer - Tomcat initialized with port 8080 (http)
16:08:58.487 [main] INFO  o.a.coyote.http11.Http11NioProtocol - Initializing ProtocolHandler ["http-nio-8080"]
16:08:58.490 [main] INFO  o.a.catalina.core.StandardService - Starting service [Tomcat]
16:08:58.490 [main] INFO  o.a.catalina.core.StandardEngine - Starting Servlet engine: [Apache Tomcat/10.1.18]
16:08:58.565 [main] INFO  o.a.c.c.C.[Tomcat].[localhost].[/] - Initializing Spring embedded WebApplicationContext
16:08:58.566 [main] INFO  o.s.b.w.s.c.ServletWebServerApplicationContext - Root WebApplicationContext: initialization completed in 1781 ms
16:08:58.631 [main] INFO  com.zaxxer.hikari.HikariDataSource - HikariPool-1 - Starting...
16:08:58.848 [main] INFO  com.zaxxer.hikari.pool.HikariPool - HikariPool-1 - Added connection conn0: url=jdbc:h2:mem:testdb user=SA
16:08:58.851 [main] INFO  com.zaxxer.hikari.HikariDataSource - HikariPool-1 - Start completed.
16:08:58.864 [main] INFO  o.s.b.a.h.H2ConsoleAutoConfiguration - H2 console available at '/h2-console'. Database available at 'jdbc:h2:mem:testdb'
16:08:59.086 [main] INFO  o.h.jpa.internal.util.LogHelper - HHH000204: Processing PersistenceUnitInfo [name: default]
16:08:59.153 [main] INFO  org.hibernate.Version - HHH000412: Hibernate ORM core version 6.4.1.Final
16:08:59.200 [main] INFO  o.h.c.i.RegionFactoryInitiator - HHH000026: Second-level cache disabled
16:08:59.480 [main] INFO  o.s.o.j.p.SpringPersistenceUnitInfo - No LoadTimeWeaver setup: ignoring JPA class transformer
16:08:59.532 [main] WARN  org.hibernate.orm.deprecation - HHH90000025: H2Dialect does not need to be specified explicitly using 'hibernate.dialect' (remove the property setting and it will be selected by default)
16:09:00.347 [main] INFO  o.h.e.t.j.p.i.JtaPlatformInitiator - HHH000489: No JTA platform available (set 'hibernate.transaction.jta.platform' to enable JTA platform integration)
16:09:00.373 [main] INFO  o.s.o.j.LocalContainerEntityManagerFactoryBean - Initialized JPA EntityManagerFactory for persistence unit 'default'
16:09:01.001 [main] WARN  o.s.b.a.o.j.JpaBaseConfiguration$JpaWebConfiguration - spring.jpa.open-in-view is enabled by default. Therefore, database queries may be performed during view rendering. Explicitly configure spring.jpa.open-in-view to disable this warning
16:09:01.946 [main] INFO  o.a.coyote.http11.Http11NioProtocol - Starting ProtocolHandler ["http-nio-8080"]
16:09:01.983 [main] INFO  o.s.b.w.e.tomcat.TomcatWebServer - Tomcat started on port 8080 (http) with context path ''
16:09:01.993 [main] INFO  com.practice.aop.aop.AopApplication - Started AopApplication in 5.804 seconds (process running for 6.185)
16:10:15.641 [http-nio-8080-exec-1] INFO  o.a.c.c.C.[Tomcat].[localhost].[/] - Initializing Spring DispatcherServlet 'dispatcherServlet'
16:10:15.642 [http-nio-8080-exec-1] INFO  o.s.web.servlet.DispatcherServlet - Initializing Servlet 'dispatcherServlet'
16:10:15.643 [http-nio-8080-exec-1] INFO  o.s.web.servlet.DispatcherServlet - Completed initialization in 1 ms
16:10:15.736 [http-nio-8080-exec-1] INFO  c.p.aop.aop.aop.LogsServicesRest - Se ingreso al metodo: save 
 con los parametros: Person(id=1234, firstName=Jonatan, lastName=Restrepo, email=jonatan@email.com, gender=Male, ipAddress=192.168.0.1)
16:10:16.243 [http-nio-8080-exec-1] INFO  c.p.aop.aop.aop.LogsServicesRest - Saliendo del metodo: save 
 con el estatus y info: 201 CREATED Person(id=1234, firstName=Jonatan, lastName=Restrepo, email=jonatan@email.com, gender=Male, ipAddress=192.168.0.1)
16:10:17.295 [http-nio-8080-exec-3] INFO  c.p.aop.aop.aop.LogsServicesRest - Se ingreso al metodo: save 
 con los parametros: Person(id=1234, firstName=Jonatan, lastName=Restrepo, email=jonatan@email.com, gender=Male, ipAddress=192.168.0.1)
16:12:32.225 [main] INFO  com.practice.aop.aop.AopApplication - Starting AopApplication using Java 21.0.2 with PID 19776 (E:\documents\Proyectos\aop\aop\build\classes\java\main started by jhons in E:\documents\Proyectos\aop\aop)
16:12:32.227 [main] INFO  com.practice.aop.aop.AopApplication - The following 1 profile is active: "dev"
16:12:33.018 [main] INFO  o.s.d.r.c.RepositoryConfigurationDelegate - Bootstrapping Spring Data JPA repositories in DEFAULT mode.
16:12:33.079 [main] INFO  o.s.d.r.c.RepositoryConfigurationDelegate - Finished Spring Data repository scanning in 49 ms. Found 1 JPA repository interface.
16:12:33.941 [main] INFO  o.s.b.w.e.tomcat.TomcatWebServer - Tomcat initialized with port 8080 (http)
16:12:33.953 [main] INFO  o.a.coyote.http11.Http11NioProtocol - Initializing ProtocolHandler ["http-nio-8080"]
16:12:33.957 [main] INFO  o.a.catalina.core.StandardService - Starting service [Tomcat]
16:12:33.958 [main] INFO  o.a.catalina.core.StandardEngine - Starting Servlet engine: [Apache Tomcat/10.1.18]
16:12:34.035 [main] INFO  o.a.c.c.C.[Tomcat].[localhost].[/] - Initializing Spring embedded WebApplicationContext
16:12:34.035 [main] INFO  o.s.b.w.s.c.ServletWebServerApplicationContext - Root WebApplicationContext: initialization completed in 1748 ms
16:12:34.096 [main] INFO  com.zaxxer.hikari.HikariDataSource - HikariPool-1 - Starting...
16:12:34.316 [main] INFO  com.zaxxer.hikari.pool.HikariPool - HikariPool-1 - Added connection conn0: url=jdbc:h2:mem:testdb user=SA
16:12:34.319 [main] INFO  com.zaxxer.hikari.HikariDataSource - HikariPool-1 - Start completed.
16:12:34.334 [main] INFO  o.s.b.a.h.H2ConsoleAutoConfiguration - H2 console available at '/h2-console'. Database available at 'jdbc:h2:mem:testdb'
16:12:34.591 [main] INFO  o.h.jpa.internal.util.LogHelper - HHH000204: Processing PersistenceUnitInfo [name: default]
16:12:34.668 [main] INFO  org.hibernate.Version - HHH000412: Hibernate ORM core version 6.4.1.Final
16:12:34.719 [main] INFO  o.h.c.i.RegionFactoryInitiator - HHH000026: Second-level cache disabled
16:12:35.051 [main] INFO  o.s.o.j.p.SpringPersistenceUnitInfo - No LoadTimeWeaver setup: ignoring JPA class transformer
16:12:35.105 [main] WARN  org.hibernate.orm.deprecation - HHH90000025: H2Dialect does not need to be specified explicitly using 'hibernate.dialect' (remove the property setting and it will be selected by default)
16:12:36.150 [main] INFO  o.h.e.t.j.p.i.JtaPlatformInitiator - HHH000489: No JTA platform available (set 'hibernate.transaction.jta.platform' to enable JTA platform integration)
16:12:36.178 [main] INFO  o.s.o.j.LocalContainerEntityManagerFactoryBean - Initialized JPA EntityManagerFactory for persistence unit 'default'
16:12:36.821 [main] WARN  o.s.b.a.o.j.JpaBaseConfiguration$JpaWebConfiguration - spring.jpa.open-in-view is enabled by default. Therefore, database queries may be performed during view rendering. Explicitly configure spring.jpa.open-in-view to disable this warning
16:12:37.751 [main] INFO  o.a.coyote.http11.Http11NioProtocol - Starting ProtocolHandler ["http-nio-8080"]
16:12:37.782 [main] INFO  o.s.b.w.e.tomcat.TomcatWebServer - Tomcat started on port 8080 (http) with context path ''
16:12:37.793 [main] INFO  com.practice.aop.aop.AopApplication - Started AopApplication in 6.104 seconds (process running for 6.464)
16:12:42.296 [http-nio-8080-exec-1] INFO  o.a.c.c.C.[Tomcat].[localhost].[/] - Initializing Spring DispatcherServlet 'dispatcherServlet'
16:12:42.296 [http-nio-8080-exec-1] INFO  o.s.web.servlet.DispatcherServlet - Initializing Servlet 'dispatcherServlet'
16:12:42.298 [http-nio-8080-exec-1] INFO  o.s.web.servlet.DispatcherServlet - Completed initialization in 2 ms
16:12:42.407 [http-nio-8080-exec-1] INFO  c.p.aop.aop.aop.LogsServicesRest - Se ingreso al metodo: save 
 con los parametros: Person(id=1234, firstName=Jonatan, lastName=Restrepo, email=jonatan@email.com, gender=Male, ipAddress=192.168.0.1)
16:12:42.883 [http-nio-8080-exec-1] INFO  c.p.aop.aop.aop.LogsServicesRest - Saliendo del metodo: save 
 con el estatus y info: 201 CREATED Person(id=1234, firstName=Jonatan, lastName=Restrepo, email=jonatan@email.com, gender=Male, ipAddress=192.168.0.1)
16:12:44.090 [http-nio-8080-exec-3] INFO  c.p.aop.aop.aop.LogsServicesRest - Se ingreso al metodo: save 
 con los parametros: Person(id=1234, firstName=Jonatan, lastName=Restrepo, email=jonatan@email.com, gender=Male, ipAddress=192.168.0.1)
16:14:09.606 [main] INFO  com.practice.aop.aop.AopApplication - Starting AopApplication using Java 21.0.2 with PID 20224 (E:\documents\Proyectos\aop\aop\build\classes\java\main started by jhons in E:\documents\Proyectos\aop\aop)
16:14:09.608 [main] INFO  com.practice.aop.aop.AopApplication - The following 1 profile is active: "dev"
16:14:10.486 [main] INFO  o.s.d.r.c.RepositoryConfigurationDelegate - Bootstrapping Spring Data JPA repositories in DEFAULT mode.
16:14:10.550 [main] INFO  o.s.d.r.c.RepositoryConfigurationDelegate - Finished Spring Data repository scanning in 53 ms. Found 1 JPA repository interface.
16:14:11.421 [main] INFO  o.s.b.w.e.tomcat.TomcatWebServer - Tomcat initialized with port 8080 (http)
16:14:11.432 [main] INFO  o.a.coyote.http11.Http11NioProtocol - Initializing ProtocolHandler ["http-nio-8080"]
16:14:11.435 [main] INFO  o.a.catalina.core.StandardService - Starting service [Tomcat]
16:14:11.435 [main] INFO  o.a.catalina.core.StandardEngine - Starting Servlet engine: [Apache Tomcat/10.1.18]
16:14:11.515 [main] INFO  o.a.c.c.C.[Tomcat].[localhost].[/] - Initializing Spring embedded WebApplicationContext
16:14:11.515 [main] INFO  o.s.b.w.s.c.ServletWebServerApplicationContext - Root WebApplicationContext: initialization completed in 1843 ms
16:14:11.581 [main] INFO  com.zaxxer.hikari.HikariDataSource - HikariPool-1 - Starting...
16:14:11.805 [main] INFO  com.zaxxer.hikari.pool.HikariPool - HikariPool-1 - Added connection conn0: url=jdbc:h2:mem:testdb user=SA
16:14:11.808 [main] INFO  com.zaxxer.hikari.HikariDataSource - HikariPool-1 - Start completed.
16:14:11.820 [main] INFO  o.s.b.a.h.H2ConsoleAutoConfiguration - H2 console available at '/h2-console'. Database available at 'jdbc:h2:mem:testdb'
16:14:12.016 [main] INFO  o.h.jpa.internal.util.LogHelper - HHH000204: Processing PersistenceUnitInfo [name: default]
16:14:12.087 [main] INFO  org.hibernate.Version - HHH000412: Hibernate ORM core version 6.4.1.Final
16:14:12.125 [main] INFO  o.h.c.i.RegionFactoryInitiator - HHH000026: Second-level cache disabled
16:14:12.491 [main] INFO  o.s.o.j.p.SpringPersistenceUnitInfo - No LoadTimeWeaver setup: ignoring JPA class transformer
16:14:12.537 [main] WARN  org.hibernate.orm.deprecation - HHH90000025: H2Dialect does not need to be specified explicitly using 'hibernate.dialect' (remove the property setting and it will be selected by default)
16:14:13.321 [main] INFO  o.h.e.t.j.p.i.JtaPlatformInitiator - HHH000489: No JTA platform available (set 'hibernate.transaction.jta.platform' to enable JTA platform integration)
16:14:13.381 [main] INFO  o.s.o.j.LocalContainerEntityManagerFactoryBean - Initialized JPA EntityManagerFactory for persistence unit 'default'
16:14:14.095 [main] WARN  o.s.b.a.o.j.JpaBaseConfiguration$JpaWebConfiguration - spring.jpa.open-in-view is enabled by default. Therefore, database queries may be performed during view rendering. Explicitly configure spring.jpa.open-in-view to disable this warning
16:14:14.944 [main] INFO  o.a.coyote.http11.Http11NioProtocol - Starting ProtocolHandler ["http-nio-8080"]
16:14:14.970 [main] INFO  o.s.b.w.e.tomcat.TomcatWebServer - Tomcat started on port 8080 (http) with context path ''
16:14:14.980 [main] INFO  com.practice.aop.aop.AopApplication - Started AopApplication in 5.898 seconds (process running for 6.266)
16:14:20.099 [http-nio-8080-exec-2] INFO  o.a.c.c.C.[Tomcat].[localhost].[/] - Initializing Spring DispatcherServlet 'dispatcherServlet'
16:14:20.099 [http-nio-8080-exec-2] INFO  o.s.web.servlet.DispatcherServlet - Initializing Servlet 'dispatcherServlet'
16:14:20.100 [http-nio-8080-exec-2] INFO  o.s.web.servlet.DispatcherServlet - Completed initialization in 1 ms
16:14:20.206 [http-nio-8080-exec-2] INFO  c.p.aop.aop.aop.LogsServicesRest - Se ingreso al metodo: save 
 con los parametros: Person(id=1234, firstName=Jonatan, lastName=Restrepo, email=jonatan@email.com, gender=Male, ipAddress=192.168.0.1)
16:14:20.683 [http-nio-8080-exec-2] INFO  c.p.aop.aop.aop.LogsServicesRest - Saliendo del metodo: save 
 con el estatus y info: 201 CREATED Person(id=1234, firstName=Jonatan, lastName=Restrepo, email=jonatan@email.com, gender=Male, ipAddress=192.168.0.1)
16:14:22.035 [http-nio-8080-exec-3] INFO  c.p.aop.aop.aop.LogsServicesRest - Se ingreso al metodo: save 
 con los parametros: Person(id=1234, firstName=Jonatan, lastName=Restrepo, email=jonatan@email.com, gender=Male, ipAddress=192.168.0.1)
